[19:57:27] Launching KrkrzExtract + limelight_lj.exe
[19:57:33] Found window: [X'moe] KrkrzExtract(Version : 1.0.0.0, Built on : Apr 18 2018 03:05:35)
[19:57:53] Hook preload dump files: 447 (delta 0)
[19:57:53] Sent ENTER to default button
[19:57:55] Extracting uipsd.xp3 (25.2 MB), dump before=447
[19:58:17] Launching KrkrzExtract + limelight_lj.exe
[19:58:21] Found window: [X'moe] KrkrzExtract(Version : 1.0.0.0, Built on : Apr 18 2018 03:05:35)
[19:58:36] Hook preload dump files: 449 (delta 2)
[19:58:36] Sent ENTER to default button
[19:58:38] Extracting uipsd.xp3 (25.2 MB), dump before=451
[19:58:38] drop_files failed for uipsd.xp3: 'DialogWrapper' object has no attribute 'drop_files'
[19:58:38] wrapper drop failed: 'DialogWrapper' object has no attribute 'drop_files'
[19:58:38] WM_DROPFILES failed: exception: access violation writing 0x0000000000000000
[19:58:39] Could not drop uipsd.xp3; moved mouse to window center only
[19:58:42]   files: 452
[19:58:50] Done uipsd.xp3: +1 files
[19:58:52] Extracting image.xp3 (38.0 MB), dump before=452
[19:58:52] drop_files failed for image.xp3: 'DialogWrapper' object has no attribute 'drop_files'
[19:58:52] wrapper drop failed: 'DialogWrapper' object has no attribute 'drop_files'
[19:58:52] WM_DROPFILES failed: exception: access violation writing 0x0000000000000000
[19:58:53] Could not drop image.xp3; moved mouse to window center only
[19:59:20]   files: 453
[19:59:22]   files: 454
[19:59:30]   files: 456
[19:59:31]   files: 457
[19:59:40] Done image.xp3: +5 files
[20:00:22] Starting; dump baseline=460
[20:00:30] Dialog hwnd=459344
[20:00:30] Clicked Begin Extraction
[20:00:45] After Begin + hook wait: 460 (+0)
[20:00:45] Dropping uipsd.xp3 (25.2 MB)
[20:00:45] drop failed: GlobalLock failed
[20:01:17]   dump files: 461 (+1)
[20:01:28] Finished uipsd.xp3: +1
[20:01:29] {"generated_at": "2026-07-12T12:01:29.479486+00:00", "dump_before": 460, "dump_after": 461, "per_archive": [{"archive": "uipsd.xp3", "added": 1, "total": 461}], "hash_recovered": 81, "files_copied": 323}
[20:04:05] baseline dump=461
[20:04:13] Begin Extraction clicked
[20:04:31] after hook wait: 461 (+0)
[20:04:31] drop uipsd.xp3 (25.2 MB)
[20:04:31]   WM_DROPFILES (remote alloc) sent
[20:05:02]   dump -> 462 (+1)
[20:05:14] drop image.xp3 (38.0 MB)
[20:05:14]   WM_DROPFILES (remote alloc) sent
[20:40:39] hook: Begin clicked, waiting 30s at title
